2018-01-31 15:44:56 - PHP Notice:  Use of undefined constant DB_DRIVER - assumed 'DB_DRIVER' in /var/www/upload/install/controller/startup/database.php on line 19
2018-01-31 15:44:56 - PHP Notice:  Use of undefined constant DB_HOSTNAME - assumed 'DB_HOSTNAME' in /var/www/upload/install/controller/startup/database.php on line 19
2018-01-31 15:44:56 - PHP Notice:  Use of undefined constant DB_USERNAME - assumed 'DB_USERNAME' in /var/www/upload/install/controller/startup/database.php on line 19
2018-01-31 15:44:56 - PHP Notice:  Use of undefined constant DB_PASSWORD - assumed 'DB_PASSWORD' in /var/www/upload/install/controller/startup/database.php on line 19
2018-01-31 15:44:56 - PHP Notice:  Use of undefined constant DB_DATABASE - assumed 'DB_DATABASE' in /var/www/upload/install/controller/startup/database.php on line 19
2018-01-31 15:44:56 - PHP Notice:  Use of undefined constant DB_DRIVER - assumed 'DB_DRIVER' in /var/www/upload/install/controller/startup/database.php on line 19
2018-01-31 15:44:56 - PHP Notice:  Use of undefined constant DB_HOSTNAME - assumed 'DB_HOSTNAME' in /var/www/upload/install/controller/startup/database.php on line 19
2018-01-31 15:44:56 - PHP Notice:  Use of undefined constant DB_USERNAME - assumed 'DB_USERNAME' in /var/www/upload/install/controller/startup/database.php on line 19
2018-01-31 15:44:56 - PHP Notice:  Use of undefined constant DB_PASSWORD - assumed 'DB_PASSWORD' in /var/www/upload/install/controller/startup/database.php on line 19
2018-01-31 15:44:56 - PHP Notice:  Use of undefined constant DB_DATABASE - assumed 'DB_DATABASE' in /var/www/upload/install/controller/startup/database.php on line 19
2018-01-31 15:45:19 - PHP Notice:  Use of undefined constant DB_DRIVER - assumed 'DB_DRIVER' in /var/www/upload/install/controller/startup/database.php on line 19
2018-01-31 15:45:19 - PHP Notice:  Use of undefined constant DB_HOSTNAME - assumed 'DB_HOSTNAME' in /var/www/upload/install/controller/startup/database.php on line 19
2018-01-31 15:45:19 - PHP Notice:  Use of undefined constant DB_USERNAME - assumed 'DB_USERNAME' in /var/www/upload/install/controller/startup/database.php on line 19
2018-01-31 15:45:19 - PHP Notice:  Use of undefined constant DB_PASSWORD - assumed 'DB_PASSWORD' in /var/www/upload/install/controller/startup/database.php on line 19
2018-01-31 15:45:19 - PHP Notice:  Use of undefined constant DB_DATABASE - assumed 'DB_DATABASE' in /var/www/upload/install/controller/startup/database.php on line 19
2018-01-31 15:45:19 - PHP Notice:  Use of undefined constant DB_DRIVER - assumed 'DB_DRIVER' in /var/www/upload/install/controller/startup/database.php on line 19
2018-01-31 15:45:19 - PHP Notice:  Use of undefined constant DB_HOSTNAME - assumed 'DB_HOSTNAME' in /var/www/upload/install/controller/startup/database.php on line 19
2018-01-31 15:45:19 - PHP Notice:  Use of undefined constant DB_USERNAME - assumed 'DB_USERNAME' in /var/www/upload/install/controller/startup/database.php on line 19
2018-01-31 15:45:19 - PHP Notice:  Use of undefined constant DB_PASSWORD - assumed 'DB_PASSWORD' in /var/www/upload/install/controller/startup/database.php on line 19
2018-01-31 15:45:19 - PHP Notice:  Use of undefined constant DB_DATABASE - assumed 'DB_DATABASE' in /var/www/upload/install/controller/startup/database.php on line 19
2018-02-01 9:58:32 - PHP Notice:  Use of undefined constant DB_DRIVER - assumed 'DB_DRIVER' in /var/www/upload/install/controller/startup/database.php on line 19
2018-02-01 9:58:32 - PHP Notice:  Use of undefined constant DB_HOSTNAME - assumed 'DB_HOSTNAME' in /var/www/upload/install/controller/startup/database.php on line 19
2018-02-01 9:58:32 - PHP Notice:  Use of undefined constant DB_USERNAME - assumed 'DB_USERNAME' in /var/www/upload/install/controller/startup/database.php on line 19
2018-02-01 9:58:32 - PHP Notice:  Use of undefined constant DB_PASSWORD - assumed 'DB_PASSWORD' in /var/www/upload/install/controller/startup/database.php on line 19
2018-02-01 9:58:32 - PHP Notice:  Use of undefined constant DB_DATABASE - assumed 'DB_DATABASE' in /var/www/upload/install/controller/startup/database.php on line 19
2018-02-01 9:58:33 - PHP Notice:  Use of undefined constant DB_DRIVER - assumed 'DB_DRIVER' in /var/www/upload/install/controller/startup/database.php on line 19
2018-02-01 9:58:33 - PHP Notice:  Use of undefined constant DB_HOSTNAME - assumed 'DB_HOSTNAME' in /var/www/upload/install/controller/startup/database.php on line 19
2018-02-01 9:58:33 - PHP Notice:  Use of undefined constant DB_USERNAME - assumed 'DB_USERNAME' in /var/www/upload/install/controller/startup/database.php on line 19
2018-02-01 9:58:33 - PHP Notice:  Use of undefined constant DB_PASSWORD - assumed 'DB_PASSWORD' in /var/www/upload/install/controller/startup/database.php on line 19
2018-02-01 9:58:33 - PHP Notice:  Use of undefined constant DB_DATABASE - assumed 'DB_DATABASE' in /var/www/upload/install/controller/startup/database.php on line 19
2018-02-01 11:53:20 - PHP Notice:  Undefined index:  in /var/www/upload/catalog/controller/startup/startup.php on line 109
2018-02-01 11:53:20 - PHP Warning:  Cannot modify header information - headers already sent by (output started at /var/www/upload/system/framework.php:42) in /var/www/upload/catalog/controller/startup/startup.php on line 157
2018-02-01 11:53:20 - PHP Warning:  fopen(/var/www/upload/system/storage/logs/): failed to open stream: Is a directory in /var/www/upload/system/library/log.php on line 22
2018-02-01 11:53:21 - PHP Notice:  Undefined index:  in /var/www/upload/catalog/controller/startup/startup.php on line 109
2018-02-01 11:53:21 - PHP Warning:  Cannot modify header information - headers already sent by (output started at /var/www/upload/system/framework.php:42) in /var/www/upload/catalog/controller/startup/startup.php on line 157
2018-02-01 11:53:21 - PHP Warning:  fopen(/var/www/upload/system/storage/logs/): failed to open stream: Is a directory in /var/www/upload/system/library/log.php on line 22
2018-02-01 11:53:38 - PHP Notice:  Undefined index:  in /var/www/upload/catalog/controller/startup/startup.php on line 109
2018-02-01 11:53:38 - PHP Warning:  Cannot modify header information - headers already sent by (output started at /var/www/upload/system/framework.php:42) in /var/www/upload/catalog/controller/startup/startup.php on line 157
2018-02-01 11:53:38 - PHP Warning:  fopen(/var/www/upload/system/storage/logs/): failed to open stream: Is a directory in /var/www/upload/system/library/log.php on line 22
2018-02-01 11:53:38 - PHP Notice:  Undefined index:  in /var/www/upload/catalog/controller/startup/startup.php on line 109
2018-02-01 11:53:38 - PHP Warning:  Cannot modify header information - headers already sent by (output started at /var/www/upload/system/framework.php:42) in /var/www/upload/catalog/controller/startup/startup.php on line 157
2018-02-01 11:53:38 - PHP Warning:  fopen(/var/www/upload/system/storage/logs/): failed to open stream: Is a directory in /var/www/upload/system/library/log.php on line 22
